

***********************************************************************
Fatal NI connect error 12535, connecting to:
 (DESCRIPTION=(ADDRESS=(PROTOCOL=TCP)(HOST=150.4.2.2)(PORT=1521))(CONNECT_DATA=(SERVICE_NAME=TAPRD)(CID=(PROGRAM=D:\Kate\Work\Work\Depvelop\BackUp\Mapping Discount\09042019\MappingDiscount\MappingDiscount\bin\Release\MappingDiscount.exe)(HOST=TIT-F24_KATEKAE)(USER=Katekae))))

  VERSION INFORMATION:
	TNS for 32-bit Windows: Version 8.1.7.1.0 - Production
	Windows NT TCP/IP NT Protocol Adapter for 32-bit Windows: Version 8.1.7.1.0 - Production
  Time: 09-เม.ย.-2019 18:34:23
  Tracing not turned on.
  Tns error struct:
    nr err code: 0
    ns main err code: 12535
    TNS-12535: TNS:operation timed out
    ns secondary err code: 12560
    nt main err code: 505
    TNS-00505: Operation timed out
    nt secondary err code: 60
    nt OS err code: 0


***********************************************************************
Fatal NI connect error 12560, connecting to:
 (DESCRIPTION=(ADDRESS=(PROTOCOL=TCP)(HOST=172.19.193.20)(PORT=1560))(CONNECT_DATA=(SID=TEST03)(CID=(PROGRAM=D:\Kate\Work\Work\Depvelop\MappingDiscount\MappingDiscount\bin\Release\MappingDiscount.exe)(HOST=TIT-F24_KATEKAE)(USER=Katekae))))

  VERSION INFORMATION:
	TNS for 32-bit Windows: Version 8.1.7.1.0 - Production
	Windows NT TCP/IP NT Protocol Adapter for 32-bit Windows: Version 8.1.7.1.0 - Production
  Time: 28-ก.ค. -2019 16:27:13
  Tracing not turned on.
  Tns error struct:
    nr err code: 0
    ns main err code: 12560
    TNS-12560: TNS:protocol adapter error
    ns secondary err code: 0
    nt main err code: 538
    TNS-00538: Message 538 not found;  product=NETWORK; facility=TNS

    nt secondary err code: 65
    nt OS err code: 0


***********************************************************************
Fatal NI connect error 12560, connecting to:
 (DESCRIPTION=(ADDRESS=(PROTOCOL=TCP)(HOST=172.19.193.20)(PORT=1560))(CONNECT_DATA=(SID=TEST03)(CID=(PROGRAM=D:\Kate\Work\Work\Depvelop\MappingDiscount\MappingDiscount\bin\Release\MappingDiscount.exe)(HOST=TIT-F24_KATEKAE)(USER=Katekae))))

  VERSION INFORMATION:
	TNS for 32-bit Windows: Version 8.1.7.1.0 - Production
	Windows NT TCP/IP NT Protocol Adapter for 32-bit Windows: Version 8.1.7.1.0 - Production
  Time: 28-ก.ค. -2019 16:27:20
  Tracing not turned on.
  Tns error struct:
    nr err code: 0
    ns main err code: 12560
    TNS-12560: TNS:protocol adapter error
    ns secondary err code: 0
    nt main err code: 538
    TNS-00538: Message 538 not found;  product=NETWORK; facility=TNS

    nt secondary err code: 65
    nt OS err code: 0
