

***********************************************************************
Fatal NI connect error 12535, connecting to:
 (DESCRIPTION=(ADDRESS=(PROTOCOL=TCP)(HOST=150.4.2.2)(PORT=1521))(CONNECT_DATA=(SERVICE_NAME=TAPRD)(CID=(PROGRAM=D:\Kate\Work\Work\Dep\MappingDiscount\MappingDiscount\bin\Debug\MappingDiscount.exe)(HOST=TIT-F24_KATEKAE)(USER=Katekae))))

  VERSION INFORMATION:
	TNS for 32-bit Windows: Version 8.1.7.1.0 - Production
	Windows NT TCP/IP NT Protocol Adapter for 32-bit Windows: Version 8.1.7.1.0 - Production
  Time: 25-¸.¤. -2018 14:55:15
  Tracing not turned on.
  Tns error struct:
    nr err code: 0
    ns main err code: 12535
    TNS-12535: TNS:operation timed out
    ns secondary err code: 12560
    nt main err code: 505
    TNS-00505: Operation timed out
    nt secondary err code: 60
    nt OS err code: 0


***********************************************************************
Fatal NI connect error 12535, connecting to:
 (DESCRIPTION=(ADDRESS=(PROTOCOL=TCP)(HOST=172.19.193.20)(PORT=1560))(CONNECT_DATA=(SID=TEST03)(CID=(PROGRAM=D:\Kate\Work\Work\Depvelop\MappingDiscount\MappingDiscount\bin\Debug\MappingDiscount.exe)(HOST=TIT-F24_KATEKAE)(USER=Katekae))))

  VERSION INFORMATION:
	TNS for 32-bit Windows: Version 8.1.7.1.0 - Production
	Windows NT TCP/IP NT Protocol Adapter for 32-bit Windows: Version 8.1.7.1.0 - Production
  Time: 30-¡.¤. -2019 16:51:33
  Tracing not turned on.
  Tns error struct:
    nr err code: 0
    ns main err code: 12535
    TNS-12535: TNS:operation timed out
    ns secondary err code: 12560
    nt main err code: 505
    TNS-00505: Operation timed out
    nt secondary err code: 60
    nt OS err code: 0


***********************************************************************
Fatal NI connect error 12560, connecting to:
 (DESCRIPTION=(ADDRESS=(PROTOCOL=TCP)(HOST=172.19.193.20)(PORT=1560))(CONNECT_DATA=(SID=TEST03)(CID=(PROGRAM=D:\Kate\Work\Work\Depvelop\MappingDiscount\MappingDiscount\bin\Debug\MappingDiscount.exe)(HOST=TIT-F24_KATEKAE)(USER=Katekae))))

  VERSION INFORMATION:
	TNS for 32-bit Windows: Version 8.1.7.1.0 - Production
	Windows NT TCP/IP NT Protocol Adapter for 32-bit Windows: Version 8.1.7.1.0 - Production
  Time: 30-¡.¤. -2019 16:52:15
  Tracing not turned on.
  Tns error struct:
    nr err code: 0
    ns main err code: 12560
    TNS-12560: TNS:protocol adapter error
    ns secondary err code: 0
    nt main err code: 530
    TNS-00530: Protocol adapter error
    nt secondary err code: 53
    nt OS err code: 0


***********************************************************************
Fatal NI connect error 12535, connecting to:
 (DESCRIPTION=(ADDRESS=(PROTOCOL=TCP)(HOST=172.19.193.20)(PORT=1560))(CONNECT_DATA=(SID=TEST03)(CID=(PROGRAM=D:\Kate\Work\Work\Depvelop\MappingDiscount\MappingDiscount\bin\Debug\AutomateMappingTool.vshost.exe)(HOST=TIT-F24_KATEKAE)(USER=Katekae))))

  VERSION INFORMATION:
	TNS for 32-bit Windows: Version 8.1.7.1.0 - Production
	Windows NT TCP/IP NT Protocol Adapter for 32-bit Windows: Version 8.1.7.1.0 - Production
  Time: 06-µ.¤. -2019 19:02:50
  Tracing not turned on.
  Tns error struct:
    nr err code: 0
    ns main err code: 12535
    TNS-12535: TNS:operation timed out
    ns secondary err code: 12560
    nt main err code: 505
    TNS-00505: Operation timed out
    nt secondary err code: 60
    nt OS err code: 0


***********************************************************************
Fatal NI connect error 12560, connecting to:
 (DESCRIPTION=(ADDRESS=(PROTOCOL=BEQ)(PROGRAM=oracle)(ARGV0=oracleORCL)(ARGS='(DESCRIPTION=(LOCAL=YES)(ADDRESS=(PROTOCOL=beq)))'))(CONNECT_DATA=(SID=ORCL)(CID=(PROGRAM=D:\Kate\Work\Work\Depvelop\MappingDiscount\MappingDiscount\bin\Debug\AutomateMappingTool.vshost.exe)(HOST=TIT-F24_KATEKAE)(USER=Katekae))))

  VERSION INFORMATION:
	TNS for 32-bit Windows: Version 8.1.7.1.0 - Production
	Oracle Bequeath NT Protocol Adapter for 32-bit Windows: Version 8.1.7.1.0 - Production
	Windows NT TCP/IP NT Protocol Adapter for 32-bit Windows: Version 8.1.7.1.0 - Production
  Time: 14-Á.¤. -2020 17:28:28
  Tracing not turned on.
  Tns error struct:
    nr err code: 0
    ns main err code: 12560
    TNS-12560: TNS:protocol adapter error
    ns secondary err code: 0
    nt main err code: 530
    TNS-00530: Protocol adapter error
    nt secondary err code: 126
    nt OS err code: 0


***********************************************************************
Fatal NI connect error 12560, connecting to:
 (DESCRIPTION=(ADDRESS=(PROTOCOL=BEQ)(PROGRAM=oracle)(ARGV0=oracleORCL)(ARGS='(DESCRIPTION=(LOCAL=YES)(ADDRESS=(PROTOCOL=beq)))'))(CONNECT_DATA=(SID=ORCL)(CID=(PROGRAM=D:\Kate\Work\Work\Depvelop\MappingDiscount\MappingDiscount\bin\Debug\AutomateMappingTool.vshost.exe)(HOST=TIT-F24_KATEKAE)(USER=Katekae))))

  VERSION INFORMATION:
	TNS for 32-bit Windows: Version 8.1.7.1.0 - Production
	Oracle Bequeath NT Protocol Adapter for 32-bit Windows: Version 8.1.7.1.0 - Production
	Windows NT TCP/IP NT Protocol Adapter for 32-bit Windows: Version 8.1.7.1.0 - Production
  Time: 14-Á.¤. -2020 17:28:43
  Tracing not turned on.
  Tns error struct:
    nr err code: 0
    ns main err code: 12560
    TNS-12560: TNS:protocol adapter error
    ns secondary err code: 0
    nt main err code: 530
    TNS-00530: Protocol adapter error
    nt secondary err code: 126
    nt OS err code: 0


***********************************************************************
Fatal NI connect error 12560, connecting to:
 (DESCRIPTION=(ADDRESS=(PROTOCOL=BEQ)(PROGRAM=oracle)(ARGV0=oracleORCL)(ARGS='(DESCRIPTION=(LOCAL=YES)(ADDRESS=(PROTOCOL=beq)))'))(CONNECT_DATA=(SID=ORCL)(CID=(PROGRAM=D:\Kate\Work\Work\Depvelop\MappingDiscount\MappingDiscount\bin\Debug\AutomateMappingTool.vshost.exe)(HOST=TIT-F24_KATEKAE)(USER=Katekae))))

  VERSION INFORMATION:
	TNS for 32-bit Windows: Version 8.1.7.1.0 - Production
	Oracle Bequeath NT Protocol Adapter for 32-bit Windows: Version 8.1.7.1.0 - Production
	Windows NT TCP/IP NT Protocol Adapter for 32-bit Windows: Version 8.1.7.1.0 - Production
  Time: 14-Á.¤. -2020 17:28:43
  Tracing not turned on.
  Tns error struct:
    nr err code: 0
    ns main err code: 12560
    TNS-12560: TNS:protocol adapter error
    ns secondary err code: 0
    nt main err code: 530
    TNS-00530: Protocol adapter error
    nt secondary err code: 126
    nt OS err code: 0


***********************************************************************
Fatal NI connect error 12560, connecting to:
 (DESCRIPTION=(ADDRESS=(PROTOCOL=BEQ)(PROGRAM=oracle)(ARGV0=oracleORCL)(ARGS='(DESCRIPTION=(LOCAL=YES)(ADDRESS=(PROTOCOL=beq)))'))(CONNECT_DATA=(SID=ORCL)(CID=(PROGRAM=D:\Kate\Work\Work\Depvelop\MappingDiscount\MappingDiscount\bin\Debug\AutomateMappingTool.vshost.exe)(HOST=TIT-F24_KATEKAE)(USER=Katekae))))

  VERSION INFORMATION:
	TNS for 32-bit Windows: Version 8.1.7.1.0 - Production
	Oracle Bequeath NT Protocol Adapter for 32-bit Windows: Version 8.1.7.1.0 - Production
	Windows NT TCP/IP NT Protocol Adapter for 32-bit Windows: Version 8.1.7.1.0 - Production
  Time: 14-Á.¤. -2020 17:28:43
  Tracing not turned on.
  Tns error struct:
    nr err code: 0
    ns main err code: 12560
    TNS-12560: TNS:protocol adapter error
    ns secondary err code: 0
    nt main err code: 530
    TNS-00530: Protocol adapter error
    nt secondary err code: 126
    nt OS err code: 0


***********************************************************************
Fatal NI connect error 12560, connecting to:
 (DESCRIPTION=(ADDRESS=(PROTOCOL=BEQ)(PROGRAM=oracle)(ARGV0=oracleORCL)(ARGS='(DESCRIPTION=(LOCAL=YES)(ADDRESS=(PROTOCOL=beq)))'))(CONNECT_DATA=(SID=ORCL)(CID=(PROGRAM=D:\Kate\Work\Work\Depvelop\MappingDiscount\MappingDiscount\bin\Debug\AutomateMappingTool.vshost.exe)(HOST=TIT-F24_KATEKAE)(USER=Katekae))))

  VERSION INFORMATION:
	TNS for 32-bit Windows: Version 8.1.7.1.0 - Production
	Oracle Bequeath NT Protocol Adapter for 32-bit Windows: Version 8.1.7.1.0 - Production
	Windows NT TCP/IP NT Protocol Adapter for 32-bit Windows: Version 8.1.7.1.0 - Production
  Time: 14-Á.¤. -2020 17:28:43
  Tracing not turned on.
  Tns error struct:
    nr err code: 0
    ns main err code: 12560
    TNS-12560: TNS:protocol adapter error
    ns secondary err code: 0
    nt main err code: 530
    TNS-00530: Protocol adapter error
    nt secondary err code: 126
    nt OS err code: 0


***********************************************************************
Fatal NI connect error 12560, connecting to:
 (DESCRIPTION=(ADDRESS=(PROTOCOL=BEQ)(PROGRAM=oracle)(ARGV0=oracleORCL)(ARGS='(DESCRIPTION=(LOCAL=YES)(ADDRESS=(PROTOCOL=beq)))'))(CONNECT_DATA=(SID=ORCL)(CID=(PROGRAM=D:\Kate\Work\Work\Depvelop\MappingDiscount\MappingDiscount\bin\Debug\AutomateMappingTool.vshost.exe)(HOST=TIT-F24_KATEKAE)(USER=Katekae))))

  VERSION INFORMATION:
	TNS for 32-bit Windows: Version 8.1.7.1.0 - Production
	Oracle Bequeath NT Protocol Adapter for 32-bit Windows: Version 8.1.7.1.0 - Production
	Windows NT TCP/IP NT Protocol Adapter for 32-bit Windows: Version 8.1.7.1.0 - Production
  Time: 14-Á.¤. -2020 17:28:43
  Tracing not turned on.
  Tns error struct:
    nr err code: 0
    ns main err code: 12560
    TNS-12560: TNS:protocol adapter error
    ns secondary err code: 0
    nt main err code: 530
    TNS-00530: Protocol adapter error
    nt secondary err code: 126
    nt OS err code: 0


***********************************************************************
Fatal NI connect error 12560, connecting to:
 (DESCRIPTION=(ADDRESS=(PROTOCOL=BEQ)(PROGRAM=oracle)(ARGV0=oracleORCL)(ARGS='(DESCRIPTION=(LOCAL=YES)(ADDRESS=(PROTOCOL=beq)))'))(CONNECT_DATA=(SID=ORCL)(CID=(PROGRAM=D:\Kate\Work\Work\Depvelop\MappingDiscount\MappingDiscount\bin\Debug\AutomateMappingTool.vshost.exe)(HOST=TIT-F24_KATEKAE)(USER=Katekae))))

  VERSION INFORMATION:
	TNS for 32-bit Windows: Version 8.1.7.1.0 - Production
	Oracle Bequeath NT Protocol Adapter for 32-bit Windows: Version 8.1.7.1.0 - Production
	Windows NT TCP/IP NT Protocol Adapter for 32-bit Windows: Version 8.1.7.1.0 - Production
  Time: 14-Á.¤. -2020 17:28:43
  Tracing not turned on.
  Tns error struct:
    nr err code: 0
    ns main err code: 12560
    TNS-12560: TNS:protocol adapter error
    ns secondary err code: 0
    nt main err code: 530
    TNS-00530: Protocol adapter error
    nt secondary err code: 126
    nt OS err code: 0


***********************************************************************
Fatal NI connect error 12560, connecting to:
 (DESCRIPTION=(ADDRESS=(PROTOCOL=BEQ)(PROGRAM=oracle)(ARGV0=oracleORCL)(ARGS='(DESCRIPTION=(LOCAL=YES)(ADDRESS=(PROTOCOL=beq)))'))(CONNECT_DATA=(SID=ORCL)(CID=(PROGRAM=D:\Kate\Work\Work\Depvelop\MappingDiscount\MappingDiscount\bin\Debug\AutomateMappingTool.vshost.exe)(HOST=TIT-F24_KATEKAE)(USER=Katekae))))

  VERSION INFORMATION:
	TNS for 32-bit Windows: Version 8.1.7.1.0 - Production
	Oracle Bequeath NT Protocol Adapter for 32-bit Windows: Version 8.1.7.1.0 - Production
	Windows NT TCP/IP NT Protocol Adapter for 32-bit Windows: Version 8.1.7.1.0 - Production
  Time: 14-Á.¤. -2020 17:28:43
  Tracing not turned on.
  Tns error struct:
    nr err code: 0
    ns main err code: 12560
    TNS-12560: TNS:protocol adapter error
    ns secondary err code: 0
    nt main err code: 530
    TNS-00530: Protocol adapter error
    nt secondary err code: 126
    nt OS err code: 0


***********************************************************************
Fatal NI connect error 12560, connecting to:
 (DESCRIPTION=(ADDRESS=(PROTOCOL=BEQ)(PROGRAM=oracle)(ARGV0=oracleORCL)(ARGS='(DESCRIPTION=(LOCAL=YES)(ADDRESS=(PROTOCOL=beq)))'))(CONNECT_DATA=(SID=ORCL)(CID=(PROGRAM=D:\Kate\Work\Work\Depvelop\MappingDiscount\MappingDiscount\bin\Debug\AutomateMappingTool.vshost.exe)(HOST=TIT-F24_KATEKAE)(USER=Katekae))))

  VERSION INFORMATION:
	TNS for 32-bit Windows: Version 8.1.7.1.0 - Production
	Oracle Bequeath NT Protocol Adapter for 32-bit Windows: Version 8.1.7.1.0 - Production
	Windows NT TCP/IP NT Protocol Adapter for 32-bit Windows: Version 8.1.7.1.0 - Production
  Time: 14-Á.¤. -2020 17:28:43
  Tracing not turned on.
  Tns error struct:
    nr err code: 0
    ns main err code: 12560
    TNS-12560: TNS:protocol adapter error
    ns secondary err code: 0
    nt main err code: 530
    TNS-00530: Protocol adapter error
    nt secondary err code: 126
    nt OS err code: 0


***********************************************************************
Fatal NI connect error 12560, connecting to:
 (DESCRIPTION=(ADDRESS=(PROTOCOL=BEQ)(PROGRAM=oracle)(ARGV0=oracleORCL)(ARGS='(DESCRIPTION=(LOCAL=YES)(ADDRESS=(PROTOCOL=beq)))'))(CONNECT_DATA=(SID=ORCL)(CID=(PROGRAM=D:\Kate\Work\Work\Depvelop\MappingDiscount\MappingDiscount\bin\Debug\AutomateMappingTool.vshost.exe)(HOST=TIT-F24_KATEKAE)(USER=Katekae))))

  VERSION INFORMATION:
	TNS for 32-bit Windows: Version 8.1.7.1.0 - Production
	Oracle Bequeath NT Protocol Adapter for 32-bit Windows: Version 8.1.7.1.0 - Production
	Windows NT TCP/IP NT Protocol Adapter for 32-bit Windows: Version 8.1.7.1.0 - Production
  Time: 14-Á.¤. -2020 17:28:43
  Tracing not turned on.
  Tns error struct:
    nr err code: 0
    ns main err code: 12560
    TNS-12560: TNS:protocol adapter error
    ns secondary err code: 0
    nt main err code: 530
    TNS-00530: Protocol adapter error
    nt secondary err code: 126
    nt OS err code: 0


***********************************************************************
Fatal NI connect error 12560, connecting to:
 (DESCRIPTION=(ADDRESS=(PROTOCOL=BEQ)(PROGRAM=oracle)(ARGV0=oracleORCL)(ARGS='(DESCRIPTION=(LOCAL=YES)(ADDRESS=(PROTOCOL=beq)))'))(CONNECT_DATA=(SID=ORCL)(CID=(PROGRAM=D:\Kate\Work\Development Project\Automate Mapping Tool\Coding\MappingDiscount\bin\Debug\AutomateMappingTool.vshost.exe)(HOST=TIT-F24_KATEKAE)(USER=Katekae))))

  VERSION INFORMATION:
	TNS for 32-bit Windows: Version 8.1.7.1.0 - Production
	Oracle Bequeath NT Protocol Adapter for 32-bit Windows: Version 8.1.7.1.0 - Production
	Windows NT TCP/IP NT Protocol Adapter for 32-bit Windows: Version 8.1.7.1.0 - Production
  Time: 11-¡.¾. -2020 18:04:07
  Tracing not turned on.
  Tns error struct:
    nr err code: 0
    ns main err code: 12560
    TNS-12560: TNS:protocol adapter error
    ns secondary err code: 0
    nt main err code: 530
    TNS-00530: Protocol adapter error
    nt secondary err code: 126
    nt OS err code: 0
